<?xml version="1.0" encoding="UTF-8"?>
<testsuite name="SingInPageTests" tests="1" skipped="0" failures="0" errors="0" timestamp="2020-08-21T14:43:42" hostname="aperisic-n.levi9.com" time="8.597">
  <properties/>
  <testcase name="verifyLogInFunctionally" classname="SingInPageTests" time="8.597"/>
  <system-out><![CDATA[]]></system-out>
  <system-err><![CDATA[Starting ChromeDriver 84.0.4147.30 (48b3e868b4cc0aa7e8149519690b6f6949e110a8-refs/branch-heads/4147@{#310}) on port 33172
Only local connections are allowed.
Please see https://chromedriver.chromium.org/security-considerations for suggestions on keeping ChromeDriver safe.
ChromeDriver was started successfully.
Aug 21, 2020 4:43:42 PM org.openqa.selenium.remote.ProtocolHandshake createSession
INFO: Detected dialect: W3C
]]></system-err>
</testsuite>
