<?xml version="1.0" encoding="UTF-8"?>
<testsuite name="CreateAccountTest" tests="1" skipped="0" failures="0" errors="0" timestamp="2020-08-21T14:43:51" hostname="aperisic-n.levi9.com" time="10.23">
  <properties/>
  <testcase name="verifyAccountCreationPage" classname="CreateAccountTest" time="10.23"/>
  <system-out><![CDATA[]]></system-out>
  <system-err><![CDATA[Starting ChromeDriver 84.0.4147.30 (48b3e868b4cc0aa7e8149519690b6f6949e110a8-refs/branch-heads/4147@{#310}) on port 25749
Only local connections are allowed.
Please see https://chromedriver.chromium.org/security-considerations for suggestions on keeping ChromeDriver safe.
ChromeDriver was started successfully.
Aug 21, 2020 4:43:51 PM org.openqa.selenium.remote.ProtocolHandshake createSession
INFO: Detected dialect: W3C
]]></system-err>
</testsuite>
